film image type is png
Inside render(), starting image tile [ [ 0, 0 ] - [ 20, 10 ] ]
Pixel: "[ 0, 0 ]", Ray = [o=(-7.6,2.7,0), d=(0,0,1), tmin: 0 tmax: inf]
Pixel: "[ 1, 0 ]", Ray = [o=(-6.8,2.7,0), d=(0,0,1), tmin: 0 tmax: inf]
Pixel: "[ 2, 0 ]", Ray = [o=(-6,2.7,0), d=(0,0,1), tmin: 0 tmax: inf]
Pixel: "[ 3, 0 ]", Ray = [o=(-5.2,2.7,0), d=(0,0,1), tmin: 0 tmax: inf]
Pixel: "[ 4, 0 ]", Ray = [o=(-4.4,2.7,0), d=(0,0,1), tmin: 0 tmax: inf]
Pixel: "[ 5, 0 ]", Ray = [o=(-3.6,2.7,0), d=(0,0,1), tmin: 0 tmax: inf]
Pixel: "[ 6, 0 ]", Ray = [o=(-2.8,2.7,0), d=(0,0,1), tmin: 0 tmax: inf]
Pixel: "[ 7, 0 ]", Ray = [o=(-2,2.7,0), d=(0,0,1), tmin: 0 tmax: inf]
Pixel: "[ 8, 0 ]", Ray = [o=(-1.2,2.7,0), d=(0,0,1), tmin: 0 tmax: inf]
Pixel: "[ 9, 0 ]", Ray = [o=(-0.4,2.7,0), d=(0,0,1), tmin: 0 tmax: inf]
Pixel: "[ 10, 0 ]", Ray = [o=(0.400001,2.7,0), d=(0,0,1), tmin: 0 tmax: inf]
Pixel: "[ 11, 0 ]", Ray = [o=(1.2,2.7,0), d=(0,0,1), tmin: 0 tmax: inf]
Pixel: "[ 12, 0 ]", Ray = [o=(2,2.7,0), d=(0,0,1), tmin: 0 tmax: inf]
Pixel: "[ 13, 0 ]", Ray = [o=(2.8,2.7,0), d=(0,0,1), tmin: 0 tmax: inf]
Pixel: "[ 14, 0 ]", Ray = [o=(3.6,2.7,0), d=(0,0,1), tmin: 0 tmax: inf]
Pixel: "[ 15, 0 ]", Ray = [o=(4.4,2.7,0), d=(0,0,1), tmin: 0 tmax: inf]
Pixel: "[ 16, 0 ]", Ray = [o=(5.2,2.7,0), d=(0,0,1), tmin: 0 tmax: inf]
Pixel: "[ 17, 0 ]", Ray = [o=(6,2.7,0), d=(0,0,1), tmin: 0 tmax: inf]
Pixel: "[ 18, 0 ]", Ray = [o=(6.8,2.7,0), d=(0,0,1), tmin: 0 tmax: inf]
Pixel: "[ 19, 0 ]", Ray = [o=(7.6,2.7,0), d=(0,0,1), tmin: 0 tmax: inf]
Pixel: "[ 0, 1 ]", Ray = [o=(-7.6,2.1,0), d=(0,0,1), tmin: 0 tmax: inf]
Pixel: "[ 1, 1 ]", Ray = [o=(-6.8,2.1,0), d=(0,0,1), tmin: 0 tmax: inf]
Pixel: "[ 2, 1 ]", Ray = [o=(-6,2.1,0), d=(0,0,1), tmin: 0 tmax: inf]
Pixel: "[ 3, 1 ]", Ray = [o=(-5.2,2.1,0), d=(0,0,1), tmin: 0 tmax: inf]
Pixel: "[ 4, 1 ]", Ray = [o=(-4.4,2.1,0), d=(0,0,1), tmin: 0 tmax: inf]
Pixel: "[ 5, 1 ]", Ray = [o=(-3.6,2.1,0), d=(0,0,1), tmin: 0 tmax: inf]
Pixel: "[ 6, 1 ]", Ray = [o=(-2.8,2.1,0), d=(0,0,1), tmin: 0 tmax: inf]
Pixel: "[ 7, 1 ]", Ray = [o=(-2,2.1,0), d=(0,0,1), tmin: 0 tmax: inf]
Pixel: "[ 8, 1 ]", Ray = [o=(-1.2,2.1,0), d=(0,0,1), tmin: 0 tmax: inf]
Pixel: "[ 9, 1 ]", Ray = [o=(-0.4,2.1,0), d=(0,0,1), tmin: 0 tmax: inf]
Pixel: "[ 10, 1 ]", Ray = [o=(0.400001,2.1,0), d=(0,0,1), tmin: 0 tmax: inf]
Pixel: "[ 11, 1 ]", Ray = [o=(1.2,2.1,0), d=(0,0,1), tmin: 0 tmax: inf]
Pixel: "[ 12, 1 ]", Ray = [o=(2,2.1,0), d=(0,0,1), tmin: 0 tmax: inf]
Pixel: "[ 13, 1 ]", Ray = [o=(2.8,2.1,0), d=(0,0,1), tmin: 0 tmax: inf]
Pixel: "[ 14, 1 ]", Ray = [o=(3.6,2.1,0), d=(0,0,1), tmin: 0 tmax: inf]
Pixel: "[ 15, 1 ]", Ray = [o=(4.4,2.1,0), d=(0,0,1), tmin: 0 tmax: inf]
Pixel: "[ 16, 1 ]", Ray = [o=(5.2,2.1,0), d=(0,0,1), tmin: 0 tmax: inf]
Pixel: "[ 17, 1 ]", Ray = [o=(6,2.1,0), d=(0,0,1), tmin: 0 tmax: inf]
Pixel: "[ 18, 1 ]", Ray = [o=(6.8,2.1,0), d=(0,0,1), tmin: 0 tmax: inf]
Pixel: "[ 19, 1 ]", Ray = [o=(7.6,2.1,0), d=(0,0,1), tmin: 0 tmax: inf]
Pixel: "[ 0, 2 ]", Ray = [o=(-7.6,1.5,0), d=(0,0,1), tmin: 0 tmax: inf]
Pixel: "[ 1, 2 ]", Ray = [o=(-6.8,1.5,0), d=(0,0,1), tmin: 0 tmax: inf]
Pixel: "[ 2, 2 ]", Ray = [o=(-6,1.5,0), d=(0,0,1), tmin: 0 tmax: inf]
Pixel: "[ 3, 2 ]", Ray = [o=(-5.2,1.5,0), d=(0,0,1), tmin: 0 tmax: inf]
Pixel: "[ 4, 2 ]", Ray = [o=(-4.4,1.5,0), d=(0,0,1), tmin: 0 tmax: inf]
Pixel: "[ 5, 2 ]", Ray = [o=(-3.6,1.5,0), d=(0,0,1), tmin: 0 tmax: inf]
Pixel: "[ 6, 2 ]", Ray = [o=(-2.8,1.5,0), d=(0,0,1), tmin: 0 tmax: inf]
Pixel: "[ 7, 2 ]", Ray = [o=(-2,1.5,0), d=(0,0,1), tmin: 0 tmax: inf]
Pixel: "[ 8, 2 ]", Ray = [o=(-1.2,1.5,0), d=(0,0,1), tmin: 0 tmax: inf]
Pixel: "[ 9, 2 ]", Ray = [o=(-0.4,1.5,0), d=(0,0,1), tmin: 0 tmax: inf]
Pixel: "[ 10, 2 ]", Ray = [o=(0.400001,1.5,0), d=(0,0,1), tmin: 0 tmax: inf]
Pixel: "[ 11, 2 ]", Ray = [o=(1.2,1.5,0), d=(0,0,1), tmin: 0 tmax: inf]
Pixel: "[ 12, 2 ]", Ray = [o=(2,1.5,0), d=(0,0,1), tmin: 0 tmax: inf]
Pixel: "[ 13, 2 ]", Ray = [o=(2.8,1.5,0), d=(0,0,1), tmin: 0 tmax: inf]
Pixel: "[ 14, 2 ]", Ray = [o=(3.6,1.5,0), d=(0,0,1), tmin: 0 tmax: inf]
Pixel: "[ 15, 2 ]", Ray = [o=(4.4,1.5,0), d=(0,0,1), tmin: 0 tmax: inf]
Pixel: "[ 16, 2 ]", Ray = [o=(5.2,1.5,0), d=(0,0,1), tmin: 0 tmax: inf]
Pixel: "[ 17, 2 ]", Ray = [o=(6,1.5,0), d=(0,0,1), tmin: 0 tmax: inf]
Pixel: "[ 18, 2 ]", Ray = [o=(6.8,1.5,0), d=(0,0,1), tmin: 0 tmax: inf]
Pixel: "[ 19, 2 ]", Ray = [o=(7.6,1.5,0), d=(0,0,1), tmin: 0 tmax: inf]
Pixel: "[ 0, 3 ]", Ray = [o=(-7.6,0.9,0), d=(0,0,1), tmin: 0 tmax: inf]
Pixel: "[ 1, 3 ]", Ray = [o=(-6.8,0.9,0), d=(0,0,1), tmin: 0 tmax: inf]
Pixel: "[ 2, 3 ]", Ray = [o=(-6,0.9,0), d=(0,0,1), tmin: 0 tmax: inf]
Pixel: "[ 3, 3 ]", Ray = [o=(-5.2,0.9,0), d=(0,0,1), tmin: 0 tmax: inf]
Pixel: "[ 4, 3 ]", Ray = [o=(-4.4,0.9,0), d=(0,0,1), tmin: 0 tmax: inf]
Pixel: "[ 5, 3 ]", Ray = [o=(-3.6,0.9,0), d=(0,0,1), tmin: 0 tmax: inf]
Pixel: "[ 6, 3 ]", Ray = [o=(-2.8,0.9,0), d=(0,0,1), tmin: 0 tmax: inf]
Pixel: "[ 7, 3 ]", Ray = [o=(-2,0.9,0), d=(0,0,1), tmin: 0 tmax: inf]
Pixel: "[ 8, 3 ]", Ray = [o=(-1.2,0.9,0), d=(0,0,1), tmin: 0 tmax: inf]
Pixel: "[ 9, 3 ]", Ray = [o=(-0.4,0.9,0), d=(0,0,1), tmin: 0 tmax: inf]
Pixel: "[ 10, 3 ]", Ray = [o=(0.400001,0.9,0), d=(0,0,1), tmin: 0 tmax: inf]
Pixel: "[ 11, 3 ]", Ray = [o=(1.2,0.9,0), d=(0,0,1), tmin: 0 tmax: inf]
Pixel: "[ 12, 3 ]", Ray = [o=(2,0.9,0), d=(0,0,1), tmin: 0 tmax: inf]
Pixel: "[ 13, 3 ]", Ray = [o=(2.8,0.9,0), d=(0,0,1), tmin: 0 tmax: inf]
Pixel: "[ 14, 3 ]", Ray = [o=(3.6,0.9,0), d=(0,0,1), tmin: 0 tmax: inf]
Pixel: "[ 15, 3 ]", Ray = [o=(4.4,0.9,0), d=(0,0,1), tmin: 0 tmax: inf]
Pixel: "[ 16, 3 ]", Ray = [o=(5.2,0.9,0), d=(0,0,1), tmin: 0 tmax: inf]
Pixel: "[ 17, 3 ]", Ray = [o=(6,0.9,0), d=(0,0,1), tmin: 0 tmax: inf]
Pixel: "[ 18, 3 ]", Ray = [o=(6.8,0.9,0), d=(0,0,1), tmin: 0 tmax: inf]
Pixel: "[ 19, 3 ]", Ray = [o=(7.6,0.9,0), d=(0,0,1), tmin: 0 tmax: inf]
Pixel: "[ 0, 4 ]", Ray = [o=(-7.6,0.3,0), d=(0,0,1), tmin: 0 tmax: inf]
Pixel: "[ 1, 4 ]", Ray = [o=(-6.8,0.3,0), d=(0,0,1), tmin: 0 tmax: inf]
Pixel: "[ 2, 4 ]", Ray = [o=(-6,0.3,0), d=(0,0,1), tmin: 0 tmax: inf]
Pixel: "[ 3, 4 ]", Ray = [o=(-5.2,0.3,0), d=(0,0,1), tmin: 0 tmax: inf]
Pixel: "[ 4, 4 ]", Ray = [o=(-4.4,0.3,0), d=(0,0,1), tmin: 0 tmax: inf]
Pixel: "[ 5, 4 ]", Ray = [o=(-3.6,0.3,0), d=(0,0,1), tmin: 0 tmax: inf]
Pixel: "[ 6, 4 ]", Ray = [o=(-2.8,0.3,0), d=(0,0,1), tmin: 0 tmax: inf]
Pixel: "[ 7, 4 ]", Ray = [o=(-2,0.3,0), d=(0,0,1), tmin: 0 tmax: inf]
Pixel: "[ 8, 4 ]", Ray = [o=(-1.2,0.3,0), d=(0,0,1), tmin: 0 tmax: inf]
Pixel: "[ 9, 4 ]", Ray = [o=(-0.4,0.3,0), d=(0,0,1), tmin: 0 tmax: inf]
Pixel: "[ 10, 4 ]", Ray = [o=(0.400001,0.3,0), d=(0,0,1), tmin: 0 tmax: inf]
Pixel: "[ 11, 4 ]", Ray = [o=(1.2,0.3,0), d=(0,0,1), tmin: 0 tmax: inf]
Pixel: "[ 12, 4 ]", Ray = [o=(2,0.3,0), d=(0,0,1), tmin: 0 tmax: inf]
Pixel: "[ 13, 4 ]", Ray = [o=(2.8,0.3,0), d=(0,0,1), tmin: 0 tmax: inf]
Pixel: "[ 14, 4 ]", Ray = [o=(3.6,0.3,0), d=(0,0,1), tmin: 0 tmax: inf]
Pixel: "[ 15, 4 ]", Ray = [o=(4.4,0.3,0), d=(0,0,1), tmin: 0 tmax: inf]
Pixel: "[ 16, 4 ]", Ray = [o=(5.2,0.3,0), d=(0,0,1), tmin: 0 tmax: inf]
Pixel: "[ 17, 4 ]", Ray = [o=(6,0.3,0), d=(0,0,1), tmin: 0 tmax: inf]
Pixel: "[ 18, 4 ]", Ray = [o=(6.8,0.3,0), d=(0,0,1), tmin: 0 tmax: inf]
Pixel: "[ 19, 4 ]", Ray = [o=(7.6,0.3,0), d=(0,0,1), tmin: 0 tmax: inf]
Pixel: "[ 0, 5 ]", Ray = [o=(-7.6,-0.3,0), d=(0,0,1), tmin: 0 tmax: inf]
Pixel: "[ 1, 5 ]", Ray = [o=(-6.8,-0.3,0), d=(0,0,1), tmin: 0 tmax: inf]
Pixel: "[ 2, 5 ]", Ray = [o=(-6,-0.3,0), d=(0,0,1), tmin: 0 tmax: inf]
Pixel: "[ 3, 5 ]", Ray = [o=(-5.2,-0.3,0), d=(0,0,1), tmin: 0 tmax: inf]
Pixel: "[ 4, 5 ]", Ray = [o=(-4.4,-0.3,0), d=(0,0,1), tmin: 0 tmax: inf]
Pixel: "[ 5, 5 ]", Ray = [o=(-3.6,-0.3,0), d=(0,0,1), tmin: 0 tmax: inf]
Pixel: "[ 6, 5 ]", Ray = [o=(-2.8,-0.3,0), d=(0,0,1), tmin: 0 tmax: inf]
Pixel: "[ 7, 5 ]", Ray = [o=(-2,-0.3,0), d=(0,0,1), tmin: 0 tmax: inf]
Pixel: "[ 8, 5 ]", Ray = [o=(-1.2,-0.3,0), d=(0,0,1), tmin: 0 tmax: inf]
Pixel: "[ 9, 5 ]", Ray = [o=(-0.4,-0.3,0), d=(0,0,1), tmin: 0 tmax: inf]
Pixel: "[ 10, 5 ]", Ray = [o=(0.400001,-0.3,0), d=(0,0,1), tmin: 0 tmax: inf]
Pixel: "[ 11, 5 ]", Ray = [o=(1.2,-0.3,0), d=(0,0,1), tmin: 0 tmax: inf]
Pixel: "[ 12, 5 ]", Ray = [o=(2,-0.3,0), d=(0,0,1), tmin: 0 tmax: inf]
Pixel: "[ 13, 5 ]", Ray = [o=(2.8,-0.3,0), d=(0,0,1), tmin: 0 tmax: inf]
Pixel: "[ 14, 5 ]", Ray = [o=(3.6,-0.3,0), d=(0,0,1), tmin: 0 tmax: inf]
Pixel: "[ 15, 5 ]", Ray = [o=(4.4,-0.3,0), d=(0,0,1), tmin: 0 tmax: inf]
Pixel: "[ 16, 5 ]", Ray = [o=(5.2,-0.3,0), d=(0,0,1), tmin: 0 tmax: inf]
Pixel: "[ 17, 5 ]", Ray = [o=(6,-0.3,0), d=(0,0,1), tmin: 0 tmax: inf]
Pixel: "[ 18, 5 ]", Ray = [o=(6.8,-0.3,0), d=(0,0,1), tmin: 0 tmax: inf]
Pixel: "[ 19, 5 ]", Ray = [o=(7.6,-0.3,0), d=(0,0,1), tmin: 0 tmax: inf]
Pixel: "[ 0, 6 ]", Ray = [o=(-7.6,-0.9,0), d=(0,0,1), tmin: 0 tmax: inf]
Pixel: "[ 1, 6 ]", Ray = [o=(-6.8,-0.9,0), d=(0,0,1), tmin: 0 tmax: inf]
Pixel: "[ 2, 6 ]", Ray = [o=(-6,-0.9,0), d=(0,0,1), tmin: 0 tmax: inf]
Pixel: "[ 3, 6 ]", Ray = [o=(-5.2,-0.9,0), d=(0,0,1), tmin: 0 tmax: inf]
Pixel: "[ 4, 6 ]", Ray = [o=(-4.4,-0.9,0), d=(0,0,1), tmin: 0 tmax: inf]
Pixel: "[ 5, 6 ]", Ray = [o=(-3.6,-0.9,0), d=(0,0,1), tmin: 0 tmax: inf]
Pixel: "[ 6, 6 ]", Ray = [o=(-2.8,-0.9,0), d=(0,0,1), tmin: 0 tmax: inf]
Pixel: "[ 7, 6 ]", Ray = [o=(-2,-0.9,0), d=(0,0,1), tmin: 0 tmax: inf]
Pixel: "[ 8, 6 ]", Ray = [o=(-1.2,-0.9,0), d=(0,0,1), tmin: 0 tmax: inf]
Pixel: "[ 9, 6 ]", Ray = [o=(-0.4,-0.9,0), d=(0,0,1), tmin: 0 tmax: inf]
Pixel: "[ 10, 6 ]", Ray = [o=(0.400001,-0.9,0), d=(0,0,1), tmin: 0 tmax: inf]
Pixel: "[ 11, 6 ]", Ray = [o=(1.2,-0.9,0), d=(0,0,1), tmin: 0 tmax: inf]
Pixel: "[ 12, 6 ]", Ray = [o=(2,-0.9,0), d=(0,0,1), tmin: 0 tmax: inf]
Pixel: "[ 13, 6 ]", Ray = [o=(2.8,-0.9,0), d=(0,0,1), tmin: 0 tmax: inf]
Pixel: "[ 14, 6 ]", Ray = [o=(3.6,-0.9,0), d=(0,0,1), tmin: 0 tmax: inf]
Pixel: "[ 15, 6 ]", Ray = [o=(4.4,-0.9,0), d=(0,0,1), tmin: 0 tmax: inf]
Pixel: "[ 16, 6 ]", Ray = [o=(5.2,-0.9,0), d=(0,0,1), tmin: 0 tmax: inf]
Pixel: "[ 17, 6 ]", Ray = [o=(6,-0.9,0), d=(0,0,1), tmin: 0 tmax: inf]
Pixel: "[ 18, 6 ]", Ray = [o=(6.8,-0.9,0), d=(0,0,1), tmin: 0 tmax: inf]
Pixel: "[ 19, 6 ]", Ray = [o=(7.6,-0.9,0), d=(0,0,1), tmin: 0 tmax: inf]
Pixel: "[ 0, 7 ]", Ray = [o=(-7.6,-1.5,0), d=(0,0,1), tmin: 0 tmax: inf]
Pixel: "[ 1, 7 ]", Ray = [o=(-6.8,-1.5,0), d=(0,0,1), tmin: 0 tmax: inf]
Pixel: "[ 2, 7 ]", Ray = [o=(-6,-1.5,0), d=(0,0,1), tmin: 0 tmax: inf]
Pixel: "[ 3, 7 ]", Ray = [o=(-5.2,-1.5,0), d=(0,0,1), tmin: 0 tmax: inf]
Pixel: "[ 4, 7 ]", Ray = [o=(-4.4,-1.5,0), d=(0,0,1), tmin: 0 tmax: inf]
Pixel: "[ 5, 7 ]", Ray = [o=(-3.6,-1.5,0), d=(0,0,1), tmin: 0 tmax: inf]
Pixel: "[ 6, 7 ]", Ray = [o=(-2.8,-1.5,0), d=(0,0,1), tmin: 0 tmax: inf]
Pixel: "[ 7, 7 ]", Ray = [o=(-2,-1.5,0), d=(0,0,1), tmin: 0 tmax: inf]
Pixel: "[ 8, 7 ]", Ray = [o=(-1.2,-1.5,0), d=(0,0,1), tmin: 0 tmax: inf]
Pixel: "[ 9, 7 ]", Ray = [o=(-0.4,-1.5,0), d=(0,0,1), tmin: 0 tmax: inf]
Pixel: "[ 10, 7 ]", Ray = [o=(0.400001,-1.5,0), d=(0,0,1), tmin: 0 tmax: inf]
Pixel: "[ 11, 7 ]", Ray = [o=(1.2,-1.5,0), d=(0,0,1), tmin: 0 tmax: inf]
Pixel: "[ 12, 7 ]", Ray = [o=(2,-1.5,0), d=(0,0,1), tmin: 0 tmax: inf]
Pixel: "[ 13, 7 ]", Ray = [o=(2.8,-1.5,0), d=(0,0,1), tmin: 0 tmax: inf]
Pixel: "[ 14, 7 ]", Ray = [o=(3.6,-1.5,0), d=(0,0,1), tmin: 0 tmax: inf]
Pixel: "[ 15, 7 ]", Ray = [o=(4.4,-1.5,0), d=(0,0,1), tmin: 0 tmax: inf]
Pixel: "[ 16, 7 ]", Ray = [o=(5.2,-1.5,0), d=(0,0,1), tmin: 0 tmax: inf]
Pixel: "[ 17, 7 ]", Ray = [o=(6,-1.5,0), d=(0,0,1), tmin: 0 tmax: inf]
Pixel: "[ 18, 7 ]", Ray = [o=(6.8,-1.5,0), d=(0,0,1), tmin: 0 tmax: inf]
Pixel: "[ 19, 7 ]", Ray = [o=(7.6,-1.5,0), d=(0,0,1), tmin: 0 tmax: inf]
Pixel: "[ 0, 8 ]", Ray = [o=(-7.6,-2.1,0), d=(0,0,1), tmin: 0 tmax: inf]
Pixel: "[ 1, 8 ]", Ray = [o=(-6.8,-2.1,0), d=(0,0,1), tmin: 0 tmax: inf]
Pixel: "[ 2, 8 ]", Ray = [o=(-6,-2.1,0), d=(0,0,1), tmin: 0 tmax: inf]
Pixel: "[ 3, 8 ]", Ray = [o=(-5.2,-2.1,0), d=(0,0,1), tmin: 0 tmax: inf]
Pixel: "[ 4, 8 ]", Ray = [o=(-4.4,-2.1,0), d=(0,0,1), tmin: 0 tmax: inf]
Pixel: "[ 5, 8 ]", Ray = [o=(-3.6,-2.1,0), d=(0,0,1), tmin: 0 tmax: inf]
Pixel: "[ 6, 8 ]", Ray = [o=(-2.8,-2.1,0), d=(0,0,1), tmin: 0 tmax: inf]
Pixel: "[ 7, 8 ]", Ray = [o=(-2,-2.1,0), d=(0,0,1), tmin: 0 tmax: inf]
Pixel: "[ 8, 8 ]", Ray = [o=(-1.2,-2.1,0), d=(0,0,1), tmin: 0 tmax: inf]
Pixel: "[ 9, 8 ]", Ray = [o=(-0.4,-2.1,0), d=(0,0,1), tmin: 0 tmax: inf]
Pixel: "[ 10, 8 ]", Ray = [o=(0.400001,-2.1,0), d=(0,0,1), tmin: 0 tmax: inf]
Pixel: "[ 11, 8 ]", Ray = [o=(1.2,-2.1,0), d=(0,0,1), tmin: 0 tmax: inf]
Pixel: "[ 12, 8 ]", Ray = [o=(2,-2.1,0), d=(0,0,1), tmin: 0 tmax: inf]
Pixel: "[ 13, 8 ]", Ray = [o=(2.8,-2.1,0), d=(0,0,1), tmin: 0 tmax: inf]
Pixel: "[ 14, 8 ]", Ray = [o=(3.6,-2.1,0), d=(0,0,1), tmin: 0 tmax: inf]
Pixel: "[ 15, 8 ]", Ray = [o=(4.4,-2.1,0), d=(0,0,1), tmin: 0 tmax: inf]
Pixel: "[ 16, 8 ]", Ray = [o=(5.2,-2.1,0), d=(0,0,1), tmin: 0 tmax: inf]
Pixel: "[ 17, 8 ]", Ray = [o=(6,-2.1,0), d=(0,0,1), tmin: 0 tmax: inf]
Pixel: "[ 18, 8 ]", Ray = [o=(6.8,-2.1,0), d=(0,0,1), tmin: 0 tmax: inf]
Pixel: "[ 19, 8 ]", Ray = [o=(7.6,-2.1,0), d=(0,0,1), tmin: 0 tmax: inf]
Pixel: "[ 0, 9 ]", Ray = [o=(-7.6,-2.7,0), d=(0,0,1), tmin: 0 tmax: inf]
Pixel: "[ 1, 9 ]", Ray = [o=(-6.8,-2.7,0), d=(0,0,1), tmin: 0 tmax: inf]
Pixel: "[ 2, 9 ]", Ray = [o=(-6,-2.7,0), d=(0,0,1), tmin: 0 tmax: inf]
Pixel: "[ 3, 9 ]", Ray = [o=(-5.2,-2.7,0), d=(0,0,1), tmin: 0 tmax: inf]
Pixel: "[ 4, 9 ]", Ray = [o=(-4.4,-2.7,0), d=(0,0,1), tmin: 0 tmax: inf]
Pixel: "[ 5, 9 ]", Ray = [o=(-3.6,-2.7,0), d=(0,0,1), tmin: 0 tmax: inf]
Pixel: "[ 6, 9 ]", Ray = [o=(-2.8,-2.7,0), d=(0,0,1), tmin: 0 tmax: inf]
Pixel: "[ 7, 9 ]", Ray = [o=(-2,-2.7,0), d=(0,0,1), tmin: 0 tmax: inf]
Pixel: "[ 8, 9 ]", Ray = [o=(-1.2,-2.7,0), d=(0,0,1), tmin: 0 tmax: inf]
Pixel: "[ 9, 9 ]", Ray = [o=(-0.4,-2.7,0), d=(0,0,1), tmin: 0 tmax: inf]
Pixel: "[ 10, 9 ]", Ray = [o=(0.400001,-2.7,0), d=(0,0,1), tmin: 0 tmax: inf]
Pixel: "[ 11, 9 ]", Ray = [o=(1.2,-2.7,0), d=(0,0,1), tmin: 0 tmax: inf]
Pixel: "[ 12, 9 ]", Ray = [o=(2,-2.7,0), d=(0,0,1), tmin: 0 tmax: inf]
Pixel: "[ 13, 9 ]", Ray = [o=(2.8,-2.7,0), d=(0,0,1), tmin: 0 tmax: inf]
Pixel: "[ 14, 9 ]", Ray = [o=(3.6,-2.7,0), d=(0,0,1), tmin: 0 tmax: inf]
Pixel: "[ 15, 9 ]", Ray = [o=(4.4,-2.7,0), d=(0,0,1), tmin: 0 tmax: inf]
Pixel: "[ 16, 9 ]", Ray = [o=(5.2,-2.7,0), d=(0,0,1), tmin: 0 tmax: inf]
Pixel: "[ 17, 9 ]", Ray = [o=(6,-2.7,0), d=(0,0,1), tmin: 0 tmax: inf]
Pixel: "[ 18, 9 ]", Ray = [o=(6.8,-2.7,0), d=(0,0,1), tmin: 0 tmax: inf]
Pixel: "[ 19, 9 ]", Ray = [o=(7.6,-2.7,0), d=(0,0,1), tmin: 0 tmax: inf]
Finished image tile [ [ 0, 0 ] - [ 20, 10 ] ]
# samples = 200
Converting image to RGB and computing final weighted pixel values
Film::write_image(): image type = 0
