film image type is png
Inside render(), starting image tile [ [ 0, 0 ] - [ 20, 10 ] ]
Pixel: "[ 0, 0 ]", Ray = [o=(0,0,0), d=(-0.502115,0.240891,0.830573), tmin: 0 tmax: inf]
Pixel: "[ 1, 0 ]", Ray = [o=(0,0,0), d=(-0.439746,0.233644,0.867199), tmin: 0 tmax: inf]
Pixel: "[ 2, 0 ]", Ray = [o=(0,0,0), d=(-0.42141,0.256946,0.869708), tmin: 0 tmax: inf]
Pixel: "[ 3, 0 ]", Ray = [o=(0,0,0), d=(-0.37025,0.264196,0.89057), tmin: 0 tmax: inf]
Pixel: "[ 4, 0 ]", Ray = [o=(0,0,0), d=(-0.298578,0.256502,0.91927), tmin: 0 tmax: inf]
Pixel: "[ 5, 0 ]", Ray = [o=(0,0,0), d=(-0.286921,0.280583,0.915942), tmin: 0 tmax: inf]
Pixel: "[ 6, 0 ]", Ray = [o=(0,0,0), d=(-0.212744,0.280552,0.935965), tmin: 0 tmax: inf]
Pixel: "[ 7, 0 ]", Ray = [o=(0,0,0), d=(-0.134004,0.288499,0.948057), tmin: 0 tmax: inf]
Pixel: "[ 8, 0 ]", Ray = [o=(0,0,0), d=(-0.0938631,0.244543,0.965085), tmin: 0 tmax: inf]
Pixel: "[ 9, 0 ]", Ray = [o=(0,0,0), d=(-0.0142901,0.262957,0.964702), tmin: 0 tmax: inf]
Pixel: "[ 10, 0 ]", Ray = [o=(0,0,0), d=(0.0438714,0.258991,0.964883), tmin: 0 tmax: inf]
Pixel: "[ 11, 0 ]", Ray = [o=(0,0,0), d=(0.0763982,0.248472,0.965621), tmin: 0 tmax: inf]
Pixel: "[ 12, 0 ]", Ray = [o=(0,0,0), d=(0.13137,0.29333,0.946942), tmin: 0 tmax: inf]
Pixel: "[ 13, 0 ]", Ray = [o=(0,0,0), d=(0.186438,0.278427,0.942188), tmin: 0 tmax: inf]
Pixel: "[ 14, 0 ]", Ray = [o=(0,0,0), d=(0.252869,0.267567,0.929766), tmin: 0 tmax: inf]
Pixel: "[ 15, 0 ]", Ray = [o=(0,0,0), d=(0.335692,0.268797,0.902807), tmin: 0 tmax: inf]
Pixel: "[ 16, 0 ]", Ray = [o=(0,0,0), d=(0.360774,0.279485,0.889792), tmin: 0 tmax: inf]
Pixel: "[ 17, 0 ]", Ray = [o=(0,0,0), d=(0.413539,0.252555,0.874758), tmin: 0 tmax: inf]
Pixel: "[ 18, 0 ]", Ray = [o=(0,0,0), d=(0.470534,0.259833,0.843258), tmin: 0 tmax: inf]
Pixel: "[ 19, 0 ]", Ray = [o=(0,0,0), d=(0.498949,0.246899,0.830717), tmin: 0 tmax: inf]
Pixel: "[ 0, 1 ]", Ray = [o=(0,0,0), d=(-0.513286,0.159673,0.843233), tmin: 0 tmax: inf]
Pixel: "[ 1, 1 ]", Ray = [o=(0,0,0), d=(-0.46041,0.205523,0.863587), tmin: 0 tmax: inf]
Pixel: "[ 2, 1 ]", Ray = [o=(0,0,0), d=(-0.427275,0.21935,0.87711), tmin: 0 tmax: inf]
Pixel: "[ 3, 1 ]", Ray = [o=(0,0,0), d=(-0.388185,0.210588,0.897199), tmin: 0 tmax: inf]
Pixel: "[ 4, 1 ]", Ray = [o=(0,0,0), d=(-0.310632,0.214996,0.925897), tmin: 0 tmax: inf]
Pixel: "[ 5, 1 ]", Ray = [o=(0,0,0), d=(-0.278196,0.228548,0.932938), tmin: 0 tmax: inf]
Pixel: "[ 6, 1 ]", Ray = [o=(0,0,0), d=(-0.205258,0.235607,0.949926), tmin: 0 tmax: inf]
Pixel: "[ 7, 1 ]", Ray = [o=(0,0,0), d=(-0.127039,0.217427,0.967774), tmin: 0 tmax: inf]
Pixel: "[ 8, 1 ]", Ray = [o=(0,0,0), d=(-0.0699348,0.193664,0.978572), tmin: 0 tmax: inf]
Pixel: "[ 9, 1 ]", Ray = [o=(0,0,0), d=(-0.0397781,0.193731,0.980248), tmin: 0 tmax: inf]
Pixel: "[ 10, 1 ]", Ray = [o=(0,0,0), d=(0.0137148,0.211588,0.977263), tmin: 0 tmax: inf]
Pixel: "[ 11, 1 ]", Ray = [o=(0,0,0), d=(0.106191,0.203736,0.97325), tmin: 0 tmax: inf]
Pixel: "[ 12, 1 ]", Ray = [o=(0,0,0), d=(0.15391,0.227839,0.961458), tmin: 0 tmax: inf]
Pixel: "[ 13, 1 ]", Ray = [o=(0,0,0), d=(0.219192,0.182707,0.958422), tmin: 0 tmax: inf]
Pixel: "[ 14, 1 ]", Ray = [o=(0,0,0), d=(0.283474,0.232938,0.930259), tmin: 0 tmax: inf]
Pixel: "[ 15, 1 ]", Ray = [o=(0,0,0), d=(0.297895,0.214771,0.930124), tmin: 0 tmax: inf]
Pixel: "[ 16, 1 ]", Ray = [o=(0,0,0), d=(0.372657,0.186366,0.909062), tmin: 0 tmax: inf]
Pixel: "[ 17, 1 ]", Ray = [o=(0,0,0), d=(0.437465,0.175061,0.882031), tmin: 0 tmax: inf]
Pixel: "[ 18, 1 ]", Ray = [o=(0,0,0), d=(0.443162,0.183733,0.877411), tmin: 0 tmax: inf]
Pixel: "[ 19, 1 ]", Ray = [o=(0,0,0), d=(0.491771,0.167032,0.854553), tmin: 0 tmax: inf]
Pixel: "[ 0, 2 ]", Ray = [o=(0,0,0), d=(-0.514633,0.126576,0.848016), tmin: 0 tmax: inf]
Pixel: "[ 1, 2 ]", Ray = [o=(0,0,0), d=(-0.487502,0.138759,0.862025), tmin: 0 tmax: inf]
Pixel: "[ 2, 2 ]", Ray = [o=(0,0,0), d=(-0.408312,0.120121,0.904904), tmin: 0 tmax: inf]
Pixel: "[ 3, 2 ]", Ray = [o=(0,0,0), d=(-0.397312,0.142278,0.906587), tmin: 0 tmax: inf]
Pixel: "[ 4, 2 ]", Ray = [o=(0,0,0), d=(-0.310874,0.136225,0.940638), tmin: 0 tmax: inf]
Pixel: "[ 5, 2 ]", Ray = [o=(0,0,0), d=(-0.271521,0.139836,0.95222), tmin: 0 tmax: inf]
Pixel: "[ 6, 2 ]", Ray = [o=(0,0,0), d=(-0.223952,0.178449,0.958124), tmin: 0 tmax: inf]
Pixel: "[ 7, 2 ]", Ray = [o=(0,0,0), d=(-0.174487,0.145542,0.973844), tmin: 0 tmax: inf]
Pixel: "[ 8, 2 ]", Ray = [o=(0,0,0), d=(-0.0739195,0.172048,0.982311), tmin: 0 tmax: inf]
Pixel: "[ 9, 2 ]", Ray = [o=(0,0,0), d=(-0.041121,0.149813,0.987859), tmin: 0 tmax: inf]
Pixel: "[ 10, 2 ]", Ray = [o=(0,0,0), d=(0.00515436,0.149581,0.988736), tmin: 0 tmax: inf]
Pixel: "[ 11, 2 ]", Ray = [o=(0,0,0), d=(0.0836331,0.151046,0.984983), tmin: 0 tmax: inf]
Pixel: "[ 12, 2 ]", Ray = [o=(0,0,0), d=(0.155666,0.129887,0.979233), tmin: 0 tmax: inf]
Pixel: "[ 13, 2 ]", Ray = [o=(0,0,0), d=(0.228373,0.134463,0.964243), tmin: 0 tmax: inf]
Pixel: "[ 14, 2 ]", Ray = [o=(0,0,0), d=(0.281353,0.164601,0.945382), tmin: 0 tmax: inf]
Pixel: "[ 15, 2 ]", Ray = [o=(0,0,0), d=(0.3244,0.173324,0.929905), tmin: 0 tmax: inf]
Pixel: "[ 16, 2 ]", Ray = [o=(0,0,0), d=(0.39885,0.153191,0.90413), tmin: 0 tmax: inf]
Pixel: "[ 17, 2 ]", Ray = [o=(0,0,0), d=(0.426406,0.15321,0.891462), tmin: 0 tmax: inf]
Pixel: "[ 18, 2 ]", Ray = [o=(0,0,0), d=(0.453484,0.135168,0.880955), tmin: 0 tmax: inf]
Pixel: "[ 19, 2 ]", Ray = [o=(0,0,0), d=(0.496496,0.134626,0.857536), tmin: 0 tmax: inf]
Pixel: "[ 0, 3 ]", Ray = [o=(0,0,0), d=(-0.495644,0.0752002,0.865264), tmin: 0 tmax: inf]
Pixel: "[ 1, 3 ]", Ray = [o=(0,0,0), d=(-0.460576,0.0609216,0.885527), tmin: 0 tmax: inf]
Pixel: "[ 2, 3 ]", Ray = [o=(0,0,0), d=(-0.446442,0.0780082,0.891406), tmin: 0 tmax: inf]
Pixel: "[ 3, 3 ]", Ray = [o=(0,0,0), d=(-0.37005,0.112989,0.922115), tmin: 0 tmax: inf]
Pixel: "[ 4, 3 ]", Ray = [o=(0,0,0), d=(-0.31156,0.100103,0.944939), tmin: 0 tmax: inf]
Pixel: "[ 5, 3 ]", Ray = [o=(0,0,0), d=(-0.258894,0.103278,0.960368), tmin: 0 tmax: inf]
Pixel: "[ 6, 3 ]", Ray = [o=(0,0,0), d=(-0.220058,0.0803715,0.97217), tmin: 0 tmax: inf]
Pixel: "[ 7, 3 ]", Ray = [o=(0,0,0), d=(-0.151458,0.097212,0.983672), tmin: 0 tmax: inf]
Pixel: "[ 8, 3 ]", Ray = [o=(0,0,0), d=(-0.0831994,0.0638613,0.994485), tmin: 0 tmax: inf]
Pixel: "[ 9, 3 ]", Ray = [o=(0,0,0), d=(-0.0570243,0.0654248,0.996227), tmin: 0 tmax: inf]
Pixel: "[ 10, 3 ]", Ray = [o=(0,0,0), d=(0.0608568,0.113699,0.99165), tmin: 0 tmax: inf]
Pixel: "[ 11, 3 ]", Ray = [o=(0,0,0), d=(0.0915371,0.109359,0.989779), tmin: 0 tmax: inf]
Pixel: "[ 12, 3 ]", Ray = [o=(0,0,0), d=(0.146891,0.0763365,0.986203), tmin: 0 tmax: inf]
Pixel: "[ 13, 3 ]", Ray = [o=(0,0,0), d=(0.193774,0.0712536,0.978455), tmin: 0 tmax: inf]
Pixel: "[ 14, 3 ]", Ray = [o=(0,0,0), d=(0.297155,0.108654,0.948627), tmin: 0 tmax: inf]
Pixel: "[ 15, 3 ]", Ray = [o=(0,0,0), d=(0.313333,0.0702078,0.947045), tmin: 0 tmax: inf]
Pixel: "[ 16, 3 ]", Ray = [o=(0,0,0), d=(0.372471,0.11055,0.921436), tmin: 0 tmax: inf]
Pixel: "[ 17, 3 ]", Ray = [o=(0,0,0), d=(0.406584,0.0832148,0.909816), tmin: 0 tmax: inf]
Pixel: "[ 18, 3 ]", Ray = [o=(0,0,0), d=(0.448964,0.0858809,0.889413), tmin: 0 tmax: inf]
Pixel: "[ 19, 3 ]", Ray = [o=(0,0,0), d=(0.518461,0.0691454,0.852301), tmin: 0 tmax: inf]
Pixel: "[ 0, 4 ]", Ray = [o=(0,0,0), d=(-0.518583,0.0030104,0.855022), tmin: 0 tmax: inf]
Pixel: "[ 1, 4 ]", Ray = [o=(0,0,0), d=(-0.487735,0.00267122,0.872988), tmin: 0 tmax: inf]
Pixel: "[ 2, 4 ]", Ray = [o=(0,0,0), d=(-0.444996,0.0125063,0.895445), tmin: 0 tmax: inf]
Pixel: "[ 3, 4 ]", Ray = [o=(0,0,0), d=(-0.357772,0.0499295,0.932473), tmin: 0 tmax: inf]
Pixel: "[ 4, 4 ]", Ray = [o=(0,0,0), d=(-0.320298,0.00658648,0.947294), tmin: 0 tmax: inf]
Pixel: "[ 5, 4 ]", Ray = [o=(0,0,0), d=(-0.267943,0.0350781,0.962796), tmin: 0 tmax: inf]
Pixel: "[ 6, 4 ]", Ray = [o=(0,0,0), d=(-0.209818,0.051403,0.976388), tmin: 0 tmax: inf]
Pixel: "[ 7, 4 ]", Ray = [o=(0,0,0), d=(-0.139167,0.00316185,0.990264), tmin: 0 tmax: inf]
Pixel: "[ 8, 4 ]", Ray = [o=(0,0,0), d=(-0.0949993,0.00261391,0.995474), tmin: 0 tmax: inf]
Pixel: "[ 9, 4 ]", Ray = [o=(0,0,0), d=(-0.0517546,0.0570678,0.997028), tmin: 0 tmax: inf]
Pixel: "[ 10, 4 ]", Ray = [o=(0,0,0), d=(0.0620918,0.00589815,0.998053), tmin: 0 tmax: inf]
Pixel: "[ 11, 4 ]", Ray = [o=(0,0,0), d=(0.113103,0.0256682,0.993252), tmin: 0 tmax: inf]
Pixel: "[ 12, 4 ]", Ray = [o=(0,0,0), d=(0.135607,0.0404682,0.989936), tmin: 0 tmax: inf]
Pixel: "[ 13, 4 ]", Ray = [o=(0,0,0), d=(0.223593,0.0369531,0.973982), tmin: 0 tmax: inf]
Pixel: "[ 14, 4 ]", Ray = [o=(0,0,0), d=(0.259466,0.0516082,0.964372), tmin: 0 tmax: inf]
Pixel: "[ 15, 4 ]", Ray = [o=(0,0,0), d=(0.301688,0.013834,0.953306), tmin: 0 tmax: inf]
Pixel: "[ 16, 4 ]", Ray = [o=(0,0,0), d=(0.361625,0.0532853,0.9308), tmin: 0 tmax: inf]
Pixel: "[ 17, 4 ]", Ray = [o=(0,0,0), d=(0.427414,0.0322214,0.903481), tmin: 0 tmax: inf]
Pixel: "[ 18, 4 ]", Ray = [o=(0,0,0), d=(0.489608,0.0518457,0.8704), tmin: 0 tmax: inf]
Pixel: "[ 19, 4 ]", Ray = [o=(0,0,0), d=(0.523533,0.0435198,0.850893), tmin: 0 tmax: inf]
Pixel: "[ 0, 5 ]", Ray = [o=(0,0,0), d=(-0.495978,-0.0418316,0.867327), tmin: 0 tmax: inf]
Pixel: "[ 1, 5 ]", Ray = [o=(0,0,0), d=(-0.462732,-0.0151042,0.886369), tmin: 0 tmax: inf]
Pixel: "[ 2, 5 ]", Ray = [o=(0,0,0), d=(-0.433197,-0.00229109,0.901296), tmin: 0 tmax: inf]
Pixel: "[ 3, 5 ]", Ray = [o=(0,0,0), d=(-0.37104,-0.0422885,0.927654), tmin: 0 tmax: inf]
Pixel: "[ 4, 5 ]", Ray = [o=(0,0,0), d=(-0.33106,-0.0393901,0.942787), tmin: 0 tmax: inf]
Pixel: "[ 5, 5 ]", Ray = [o=(0,0,0), d=(-0.245423,-0.0472351,0.968265), tmin: 0 tmax: inf]
Pixel: "[ 6, 5 ]", Ray = [o=(0,0,0), d=(-0.190937,-0.0155608,0.981479), tmin: 0 tmax: inf]
Pixel: "[ 7, 5 ]", Ray = [o=(0,0,0), d=(-0.179812,0,0.983701), tmin: 0 tmax: inf]
Pixel: "[ 8, 5 ]", Ray = [o=(0,0,0), d=(-0.0942132,-0.0588289,0.993812), tmin: 0 tmax: inf]
Pixel: "[ 9, 5 ]", Ray = [o=(0,0,0), d=(-0.0123452,-0.0370998,0.999235), tmin: 0 tmax: inf]
Pixel: "[ 10, 5 ]", Ray = [o=(0,0,0), d=(0.0414265,-0.00759231,0.999113), tmin: 0 tmax: inf]
Pixel: "[ 11, 5 ]", Ray = [o=(0,0,0), d=(0.0847149,-0.0586872,0.994675), tmin: 0 tmax: inf]
Pixel: "[ 12, 5 ]", Ray = [o=(0,0,0), d=(0.183209,-0.0389274,0.982303), tmin: 0 tmax: inf]
Pixel: "[ 13, 5 ]", Ray = [o=(0,0,0), d=(0.197308,-0.0334769,0.97977), tmin: 0 tmax: inf]
Pixel: "[ 14, 5 ]", Ray = [o=(0,0,0), d=(0.276715,-0.00519823,0.960938), tmin: 0 tmax: inf]
Pixel: "[ 15, 5 ]", Ray = [o=(0,0,0), d=(0.309004,-0.0382394,0.950292), tmin: 0 tmax: inf]
Pixel: "[ 16, 5 ]", Ray = [o=(0,0,0), d=(0.363026,-0.0427426,0.930798), tmin: 0 tmax: inf]
Pixel: "[ 17, 5 ]", Ray = [o=(0,0,0), d=(0.416374,-0.0367413,0.908451), tmin: 0 tmax: inf]
Pixel: "[ 18, 5 ]", Ray = [o=(0,0,0), d=(0.452243,-0.0477481,0.890616), tmin: 0 tmax: inf]
Pixel: "[ 19, 5 ]", Ray = [o=(0,0,0), d=(0.516399,-0.00857356,0.856305), tmin: 0 tmax: inf]
Pixel: "[ 0, 6 ]", Ray = [o=(0,0,0), d=(-0.490735,-0.108573,0.864518), tmin: 0 tmax: inf]
Pixel: "[ 1, 6 ]", Ray = [o=(0,0,0), d=(-0.462672,-0.0808718,0.882833), tmin: 0 tmax: inf]
Pixel: "[ 2, 6 ]", Ray = [o=(0,0,0), d=(-0.436217,-0.0700932,0.897107), tmin: 0 tmax: inf]
Pixel: "[ 3, 6 ]", Ray = [o=(0,0,0), d=(-0.371124,-0.113747,0.92159), tmin: 0 tmax: inf]
Pixel: "[ 4, 6 ]", Ray = [o=(0,0,0), d=(-0.33317,-0.107206,0.936752), tmin: 0 tmax: inf]
Pixel: "[ 5, 6 ]", Ray = [o=(0,0,0), d=(-0.282223,-0.0817309,0.955861), tmin: 0 tmax: inf]
Pixel: "[ 6, 6 ]", Ray = [o=(0,0,0), d=(-0.203684,-0.0618533,0.977081), tmin: 0 tmax: inf]
Pixel: "[ 7, 6 ]", Ray = [o=(0,0,0), d=(-0.144201,-0.123483,0.981814), tmin: 0 tmax: inf]
Pixel: "[ 8, 6 ]", Ray = [o=(0,0,0), d=(-0.0634261,-0.102476,0.992711), tmin: 0 tmax: inf]
Pixel: "[ 9, 6 ]", Ray = [o=(0,0,0), d=(-0.047602,-0.083393,0.995379), tmin: 0 tmax: inf]
Pixel: "[ 10, 6 ]", Ray = [o=(0,0,0), d=(0.0318682,-0.11021,0.993397), tmin: 0 tmax: inf]
Pixel: "[ 11, 6 ]", Ray = [o=(0,0,0), d=(0.0646952,-0.0719019,0.995311), tmin: 0 tmax: inf]
Pixel: "[ 12, 6 ]", Ray = [o=(0,0,0), d=(0.148958,-0.104528,0.983303), tmin: 0 tmax: inf]
Pixel: "[ 13, 6 ]", Ray = [o=(0,0,0), d=(0.198133,-0.106858,0.974333), tmin: 0 tmax: inf]
Pixel: "[ 14, 6 ]", Ray = [o=(0,0,0), d=(0.292938,-0.093526,0.951546), tmin: 0 tmax: inf]
Pixel: "[ 15, 6 ]", Ray = [o=(0,0,0), d=(0.316981,-0.102397,0.942888), tmin: 0 tmax: inf]
Pixel: "[ 16, 6 ]", Ray = [o=(0,0,0), d=(0.397773,-0.0643199,0.915227), tmin: 0 tmax: inf]
Pixel: "[ 17, 6 ]", Ray = [o=(0,0,0), d=(0.427168,-0.0720988,0.901293), tmin: 0 tmax: inf]
Pixel: "[ 18, 6 ]", Ray = [o=(0,0,0), d=(0.482756,-0.0887986,0.871242), tmin: 0 tmax: inf]
Pixel: "[ 19, 6 ]", Ray = [o=(0,0,0), d=(0.521396,-0.100033,0.847431), tmin: 0 tmax: inf]
Pixel: "[ 0, 7 ]", Ray = [o=(0,0,0), d=(-0.495509,-0.155233,0.854619), tmin: 0 tmax: inf]
Pixel: "[ 1, 7 ]", Ray = [o=(0,0,0), d=(-0.467221,-0.133423,0.874015), tmin: 0 tmax: inf]
Pixel: "[ 2, 7 ]", Ray = [o=(0,0,0), d=(-0.444126,-0.157808,0.881958), tmin: 0 tmax: inf]
Pixel: "[ 3, 7 ]", Ray = [o=(0,0,0), d=(-0.37074,-0.147,0.917029), tmin: 0 tmax: inf]
Pixel: "[ 4, 7 ]", Ray = [o=(0,0,0), d=(-0.346803,-0.15041,0.925799), tmin: 0 tmax: inf]
Pixel: "[ 5, 7 ]", Ray = [o=(0,0,0), d=(-0.258676,-0.132553,0.956826), tmin: 0 tmax: inf]
Pixel: "[ 6, 7 ]", Ray = [o=(0,0,0), d=(-0.185454,-0.133832,0.973497), tmin: 0 tmax: inf]
Pixel: "[ 7, 7 ]", Ray = [o=(0,0,0), d=(-0.144876,-0.159268,0.976547), tmin: 0 tmax: inf]
Pixel: "[ 8, 7 ]", Ray = [o=(0,0,0), d=(-0.113555,-0.155562,0.981278), tmin: 0 tmax: inf]
Pixel: "[ 9, 7 ]", Ray = [o=(0,0,0), d=(-0.0403371,-0.146236,0.988427), tmin: 0 tmax: inf]
Pixel: "[ 10, 7 ]", Ray = [o=(0,0,0), d=(0.0420257,-0.161171,0.986031), tmin: 0 tmax: inf]
Pixel: "[ 11, 7 ]", Ray = [o=(0,0,0), d=(0.0633645,-0.170126,0.983383), tmin: 0 tmax: inf]
Pixel: "[ 12, 7 ]", Ray = [o=(0,0,0), d=(0.149826,-0.179024,0.972369), tmin: 0 tmax: inf]
Pixel: "[ 13, 7 ]", Ray = [o=(0,0,0), d=(0.187498,-0.14026,0.9722), tmin: 0 tmax: inf]
Pixel: "[ 14, 7 ]", Ray = [o=(0,0,0), d=(0.282158,-0.140278,0.949057), tmin: 0 tmax: inf]
Pixel: "[ 15, 7 ]", Ray = [o=(0,0,0), d=(0.340262,-0.164398,0.925848), tmin: 0 tmax: inf]
Pixel: "[ 16, 7 ]", Ray = [o=(0,0,0), d=(0.368329,-0.168119,0.914368), tmin: 0 tmax: inf]
Pixel: "[ 17, 7 ]", Ray = [o=(0,0,0), d=(0.407987,-0.142694,0.901767), tmin: 0 tmax: inf]
Pixel: "[ 18, 7 ]", Ray = [o=(0,0,0), d=(0.484821,-0.13809,0.863643), tmin: 0 tmax: inf]
Pixel: "[ 19, 7 ]", Ray = [o=(0,0,0), d=(0.504654,-0.123519,0.85444), tmin: 0 tmax: inf]
Pixel: "[ 0, 8 ]", Ray = [o=(0,0,0), d=(-0.506411,-0.192314,0.840573), tmin: 0 tmax: inf]
Pixel: "[ 1, 8 ]", Ray = [o=(0,0,0), d=(-0.477901,-0.169767,0.861853), tmin: 0 tmax: inf]
Pixel: "[ 2, 8 ]", Ray = [o=(0,0,0), d=(-0.407924,-0.188898,0.893261), tmin: 0 tmax: inf]
Pixel: "[ 3, 8 ]", Ray = [o=(0,0,0), d=(-0.355234,-0.178359,0.917604), tmin: 0 tmax: inf]
Pixel: "[ 4, 8 ]", Ray = [o=(0,0,0), d=(-0.308246,-0.222371,0.924952), tmin: 0 tmax: inf]
Pixel: "[ 5, 8 ]", Ray = [o=(0,0,0), d=(-0.292603,-0.185049,0.938158), tmin: 0 tmax: inf]
Pixel: "[ 6, 8 ]", Ray = [o=(0,0,0), d=(-0.236642,-0.198822,0.951037), tmin: 0 tmax: inf]
Pixel: "[ 7, 8 ]", Ray = [o=(0,0,0), d=(-0.133676,-0.200246,0.970583), tmin: 0 tmax: inf]
Pixel: "[ 8, 8 ]", Ray = [o=(0,0,0), d=(-0.0960192,-0.196769,0.975737), tmin: 0 tmax: inf]
Pixel: "[ 9, 8 ]", Ray = [o=(0,0,0), d=(-0.0574556,-0.212785,0.975408), tmin: 0 tmax: inf]
Pixel: "[ 10, 8 ]", Ray = [o=(0,0,0), d=(0.0284167,-0.20768,0.977784), tmin: 0 tmax: inf]
Pixel: "[ 11, 8 ]", Ray = [o=(0,0,0), d=(0.0893616,-0.234982,0.967883), tmin: 0 tmax: inf]
Pixel: "[ 12, 8 ]", Ray = [o=(0,0,0), d=(0.16562,-0.21762,0.961879), tmin: 0 tmax: inf]
Pixel: "[ 13, 8 ]", Ray = [o=(0,0,0), d=(0.20445,-0.188259,0.960603), tmin: 0 tmax: inf]
Pixel: "[ 14, 8 ]", Ray = [o=(0,0,0), d=(0.29164,-0.206424,0.933989), tmin: 0 tmax: inf]
Pixel: "[ 15, 8 ]", Ray = [o=(0,0,0), d=(0.29853,-0.218001,0.929169), tmin: 0 tmax: inf]
Pixel: "[ 16, 8 ]", Ray = [o=(0,0,0), d=(0.37155,-0.211809,0.903929), tmin: 0 tmax: inf]
Pixel: "[ 17, 8 ]", Ray = [o=(0,0,0), d=(0.438402,-0.190704,0.878314), tmin: 0 tmax: inf]
Pixel: "[ 18, 8 ]", Ray = [o=(0,0,0), d=(0.461848,-0.167263,0.871045), tmin: 0 tmax: inf]
Pixel: "[ 19, 8 ]", Ray = [o=(0,0,0), d=(0.501147,-0.183395,0.845706), tmin: 0 tmax: inf]
Pixel: "[ 0, 9 ]", Ray = [o=(0,0,0), d=(-0.51573,-0.221177,0.82771), tmin: 0 tmax: inf]
Pixel: "[ 1, 9 ]", Ray = [o=(0,0,0), d=(-0.455242,-0.244645,0.856098), tmin: 0 tmax: inf]
Pixel: "[ 2, 9 ]", Ray = [o=(0,0,0), d=(-0.422227,-0.229425,0.876977), tmin: 0 tmax: inf]
Pixel: "[ 3, 9 ]", Ray = [o=(0,0,0), d=(-0.34229,-0.25403,0.904603), tmin: 0 tmax: inf]
Pixel: "[ 4, 9 ]", Ray = [o=(0,0,0), d=(-0.331856,-0.283043,0.899866), tmin: 0 tmax: inf]
Pixel: "[ 5, 9 ]", Ray = [o=(0,0,0), d=(-0.272355,-0.253676,0.928155), tmin: 0 tmax: inf]
Pixel: "[ 6, 9 ]", Ray = [o=(0,0,0), d=(-0.22957,-0.28685,0.930062), tmin: 0 tmax: inf]
Pixel: "[ 7, 9 ]", Ray = [o=(0,0,0), d=(-0.132567,-0.248449,0.959531), tmin: 0 tmax: inf]
Pixel: "[ 8, 9 ]", Ray = [o=(0,0,0), d=(-0.0897765,-0.263692,0.96042), tmin: 0 tmax: inf]
Pixel: "[ 9, 9 ]", Ray = [o=(0,0,0), d=(-0.0435803,-0.255327,0.965872), tmin: 0 tmax: inf]
Pixel: "[ 10, 9 ]", Ray = [o=(0,0,0), d=(0.0372531,-0.263696,0.963886), tmin: 0 tmax: inf]
Pixel: "[ 11, 9 ]", Ray = [o=(0,0,0), d=(0.118847,-0.289492,0.949774), tmin: 0 tmax: inf]
Pixel: "[ 12, 9 ]", Ray = [o=(0,0,0), d=(0.124967,-0.284342,0.950544), tmin: 0 tmax: inf]
Pixel: "[ 13, 9 ]", Ray = [o=(0,0,0), d=(0.207239,-0.2536,0.944849), tmin: 0 tmax: inf]
Pixel: "[ 14, 9 ]", Ray = [o=(0,0,0), d=(0.282731,-0.240757,0.928493), tmin: 0 tmax: inf]
Pixel: "[ 15, 9 ]", Ray = [o=(0,0,0), d=(0.330527,-0.265116,0.905795), tmin: 0 tmax: inf]
Pixel: "[ 16, 9 ]", Ray = [o=(0,0,0), d=(0.354481,-0.232329,0.905741), tmin: 0 tmax: inf]
Pixel: "[ 17, 9 ]", Ray = [o=(0,0,0), d=(0.409858,-0.253548,0.876202), tmin: 0 tmax: inf]
Pixel: "[ 18, 9 ]", Ray = [o=(0,0,0), d=(0.457834,-0.233332,0.857872), tmin: 0 tmax: inf]
Pixel: "[ 19, 9 ]", Ray = [o=(0,0,0), d=(0.505138,-0.221469,0.834138), tmin: 0 tmax: inf]
Finished image tile [ [ 0, 0 ] - [ 20, 10 ] ]
# samples = 200
Converting image to RGB and computing final weighted pixel values
Film::write_image(): image type = 0
